<?xml version="1.0" encoding="UTF-8"?>
<!-- Generated by org.testng.reporters.JUnitReportReporter -->
<testsuite hostname="DESKTOP-BDAFN5M" failures="0" tests="1" name="runner.TC006_LoginAndVerifyDetails" time="38.019" errors="0" timestamp="2022-03-26T22:25:47 IST" skipped="0">
  <testcase classname="runner.TC006_LoginAndVerifyDetails" name="loginAndVerifyDetails" time="38.019"/>
  <system-out/>
</testsuite> <!-- runner.TC006_LoginAndVerifyDetails -->
