<?xml version="1.0" encoding="UTF-8"?>
<!-- Generated by org.testng.reporters.JUnitReportReporter -->
<testsuite hostname="DESKTOP-BDAFN5M" failures="0" tests="3" name="runner.TC004_SearchCommertialProperties" time="18.843" errors="0" timestamp="2022-03-26T22:25:47 IST" skipped="0">
  <testcase classname="runner.TC004_SearchCommertialProperties" name="searchCommertialProperties" time="5.954"/>
  <system-out/>
  <testcase classname="runner.TC004_SearchCommertialProperties" name="searchCommertialProperties" time="6.690"/>
  <system-out/>
  <testcase classname="runner.TC004_SearchCommertialProperties" name="searchCommertialProperties" time="6.199"/>
  <system-out/>
</testsuite> <!-- runner.TC004_SearchCommertialProperties -->
