<?xml version="1.0" encoding="UTF-8"?>
<!-- Generated by org.testng.reporters.JUnitReportReporter -->
<testsuite hostname="DESKTOP-BDAFN5M" failures="0" tests="1" name="runner.TC010_VerfyEmiCalculator" time="5.011" errors="0" timestamp="2022-03-26T22:25:47 IST" skipped="0">
  <testcase classname="runner.TC010_VerfyEmiCalculator" name="emiCalculator" time="5.011"/>
  <system-out/>
</testsuite> <!-- runner.TC010_VerfyEmiCalculator -->
