<?xml version="1.0" encoding="UTF-8"?>
<!-- Generated by org.testng.reporters.JUnitReportReporter -->
<testsuite hostname="DESKTOP-BDAFN5M" failures="0" tests="1" name="runner.TC009SearchRentProperties" time="5.824" errors="0" timestamp="2022-03-26T22:25:47 IST" skipped="0">
  <testcase classname="runner.TC009SearchRentProperties" name="searchRentProperties" time="5.824"/>
  <system-out/>
</testsuite> <!-- runner.TC009SearchRentProperties -->
