<?xml version="1.0" encoding="UTF-8"?>
<!-- Generated by org.testng.reporters.JUnitReportReporter -->
<testsuite hostname="DESKTOP-BDAFN5M" failures="0" tests="2" name="runner.TC007_BuildersVerifyCity" time="70.466" errors="0" timestamp="2022-03-26T22:25:47 IST" skipped="0">
  <testcase classname="runner.TC007_BuildersVerifyCity" name="getBuilderProperties" time="35.387"/>
  <system-out/>
  <testcase classname="runner.TC007_BuildersVerifyCity" name="getBuilderProperties" time="35.079"/>
  <system-out/>
</testsuite> <!-- runner.TC007_BuildersVerifyCity -->
