<?xml version="1.0" encoding="UTF-8"?>
<!-- Generated by org.testng.reporters.JUnitReportReporter -->
<testsuite hostname="DESKTOP-BDAFN5M" failures="0" tests="3" name="runner.TC005_FooterPGHostelSearch" time="16.585" errors="0" timestamp="2022-03-26T22:25:47 IST" skipped="0">
  <testcase classname="runner.TC005_FooterPGHostelSearch" name="footerPGHostels" time="5.712"/>
  <system-out/>
  <testcase classname="runner.TC005_FooterPGHostelSearch" name="footerPGHostels" time="5.381"/>
  <system-out/>
  <testcase classname="runner.TC005_FooterPGHostelSearch" name="footerPGHostels" time="5.492"/>
  <system-out/>
</testsuite> <!-- runner.TC005_FooterPGHostelSearch -->
