<?xml version="1.0" encoding="UTF-8"?>
<!-- Generated by org.testng.reporters.JUnitReportReporter -->
<testsuite hostname="DESKTOP-BDAFN5M" failures="0" tests="2" name="runner.TestRunner" time="3.640" errors="0" timestamp="2022-03-26T22:07:37 IST" skipped="0">
  <testcase classname="runner.TestRunner" name="myTest" time="2.433"/>
  <system-out/>
  <testcase classname="runner.TestRunner" name="myTest" time="1.207"/>
  <system-out/>
</testsuite> <!-- runner.TestRunner -->
