<?xml version="1.0" encoding="UTF-8"?>
<!-- Generated by org.testng.reporters.JUnitReportReporter -->
<testsuite hostname="DESKTOP-BDAFN5M" failures="0" tests="1" name="runner.TC008_DownloadAndrodApp" time="6.235" errors="0" timestamp="2022-03-26T22:25:47 IST" skipped="0">
  <testcase classname="runner.TC008_DownloadAndrodApp" name="downloadAndroidApp" time="6.235"/>
  <system-out/>
</testsuite> <!-- runner.TC008_DownloadAndrodApp -->
